<?xml version="1.0" encoding="UTF-8" ?>
<testsuite tests="1" failures="0" name="org.example.FactoryV2Test" time="0" errors="0" skipped="0">
  <properties>
    <property name="java.runtime.name" value="OpenJDK Runtime Environment"/>
    <property name="java.vm.version" value="11.0.13+8"/>
    <property name="sun.boot.library.path" value="C:\Program Files\Java\jdk-11.0.13+8\bin"/>
    <property name="maven.multiModuleProjectDirectory" value="E:\repos\ssmStudyDemo\factoryDemo"/>
    <property name="java.vm.vendor" value="Eclipse Adoptium"/>
    <property name="java.vendor.url" value="https://adoptium.net/"/>
    <property name="guice.disable.misplaced.annotation.check" value="true"/>
    <property name="path.separator" value=";"/>
    <property name="java.vm.name" value="OpenJDK 64-Bit Server VM"/>
    <property name="sun.os.patch.level" value=""/>
    <property name="user.script" value=""/>
    <property name="user.country" value="CN"/>
    <property name="sun.java.launcher" value="SUN_STANDARD"/>
    <property name="java.vm.specification.name" value="Java Virtual Machine Specification"/>
    <property name="user.dir" value="E:\repos\ssmStudyDemo\factoryDemo"/>
    <property name="java.vm.compressedOopsMode" value="32-bit"/>
    <property name="java.runtime.version" value="11.0.13+8"/>
    <property name="java.awt.graphicsenv" value="sun.awt.Win32GraphicsEnvironment"/>
    <property name="os.arch" value="amd64"/>
    <property name="java.io.tmpdir" value="C:\Users\张传忠\AppData\Local\Temp\"/>
    <property name="line.separator" value="
"/>
    <property name="java.vm.specification.vendor" value="Oracle Corporation"/>
    <property name="user.variant" value=""/>
    <property name="os.name" value="Windows 10"/>
    <property name="idea.version2020.1" value="true"/>
    <property name="maven.ext.class.path" value="D:\IntelliJ IDEA 2020.1\plugins\maven\lib\maven-event-listener.jar"/>
    <property name="classworlds.conf" value="D:\maven\apache-maven-3.6.3\bin\m2.conf"/>
    <property name="sun.jnu.encoding" value="GBK"/>
    <property name="java.library.path" value="C:\Program Files\Java\jdk-11.0.13+8\bin;C:\Windows\Sun\Java\bin;C:\Windows\system32;C:\Windows;E:\WINDOWS.X64_193000_db_home\bin;C:\Program Files\Common Files\Oracle\Java\javapath;D:\Python3\;D:\Python3\Scripts;C:\Windows\system32;C:\Windows;C:\Windows\System32\Wbem;C:\Windows\System32\WindowsPowerShell\v1.0\;C:\Windows\System32\OpenSSH\;C:\Program Files (x86)\NVIDIA Corporation\PhysX\Common;C:\Program Files\NVIDIA Corporation\NVIDIA NvDLISR;D:\NodeJS\;C:\Program Files\Java\jdk-11.0.13+8\bin;C:\Program Files\Java\jdk-11.0.13+8\jre\bin;D:\maven\apache-maven-3.6.3\bin;D:\MinGw1\bin;D:\MinGw\bin;D:\xftp\;D:\Erlang\erl-24.1\bin;D:\rabbitmq\rabbitmq_server-3.9.7\sbin;C:\Program Files (x86)\Common Files\Oracle\Java\javapath;D:\gradle\gradle-4.0\bin;D:\smartCommit;D:\XShell\;D:\Git\cmd;E:\Graphviz\bin;E:\scala\scala-2.13.1\bin;E:\hadoop\hadoop-3.3.1\bin;D:\Python3\Scripts\;D:\Python3\;C:\Users\张传忠\.windows-build-tools\python27\;D:\NodeJS\node_modules\npm\node_modules\npm-lifecycle\node-gyp-bin;C:\Users\张传忠\AppData\Roaming\npm\node_modules\windows-build-tools\node_modules\.bin;C:\Users\张传忠\AppData\Roaming\npm\node_modules\.bin;C:\Windows\system32;C:\Windows;C:\Windows\System32\Wbem;C:\Windows\System32\WindowsPowerShell\v1.0\;C:\Windows\System32\OpenSSH\;C:\Program Files (x86)\NVIDIA Corporation\PhysX\Common;C:\Program Files\NVIDIA Corporation\NVIDIA NvDLISR;D:\NodeJS\;C:\Program Files\Java\jdk1.8.0_261\bin;C:\Program Files\Java\jdk1.8.0_261\jre\bin;D:\maven\apache-maven-3.6.3\bin;D:\MinGw1\bin;D:\MinGw\bin;D:\xftp\;D:\Erlang\erl-24.1\bin;D:\rabbitmq\rabbitmq_server-3.9.7\sbin;C:\Program Files (x86)\Common Files\Oracle\Java\javapath;D:\gradle\gradle-4.0\bin;D:\XShell\;D:\Git\cmd;C:\Program Files\MySQL\MySQL Shell 8.0\bin\;C:\Users\张传忠\AppData\Local\Microsoft\WindowsApps;C:\Users\张传忠\AppData\Roaming\npm;D:\PyCharm Community Edition 2022.1.2\bin;C:\Users\张传忠\AppData\Local\GitHubDesktop\bin;D:\VSCode\Microsoft VS Code\bin;;D:\PyCharm Community Edition 2022.3.2\bin;;."/>
    <property name="maven.conf" value="D:\maven\apache-maven-3.6.3/conf"/>
    <property name="jdk.debug" value="release"/>
    <property name="java.class.version" value="55.0"/>
    <property name="java.specification.name" value="Java Platform API Specification"/>
    <property name="sun.management.compiler" value="HotSpot 64-Bit Tiered Compilers"/>
    <property name="maven.repo.local" value="D:\local_repository"/>
    <property name="os.version" value="10.0"/>
    <property name="user.home" value="C:\Users\张传忠"/>
    <property name="user.timezone" value="Asia/Shanghai"/>
    <property name="java.awt.printerjob" value="sun.awt.windows.WPrinterJob"/>
    <property name="file.encoding" value="UTF-8"/>
    <property name="java.specification.version" value="11"/>
    <property name="user.name" value="张传忠"/>
    <property name="java.class.path" value="D:\maven\apache-maven-3.6.3\boot\plexus-classworlds-2.6.0.jar;D:\maven\apache-maven-3.6.3\boot\plexus-classworlds.license"/>
    <property name="java.vm.specification.version" value="11"/>
    <property name="sun.arch.data.model" value="64"/>
    <property name="sun.java.command" value="org.codehaus.classworlds.Launcher -Didea.version2020.1 -s D:\maven\apache-maven-3.6.3\conf\settings.xml -Dmaven.repo.local=D:\local_repository install"/>
    <property name="java.home" value="C:\Program Files\Java\jdk-11.0.13+8"/>
    <property name="user.language" value="zh"/>
    <property name="java.specification.vendor" value="Oracle Corporation"/>
    <property name="awt.toolkit" value="sun.awt.windows.WToolkit"/>
    <property name="java.vm.info" value="mixed mode"/>
    <property name="java.version" value="11.0.13"/>
    <property name="java.vendor" value="Eclipse Adoptium"/>
    <property name="maven.home" value="D:\maven\apache-maven-3.6.3"/>
    <property name="file.separator" value="\"/>
    <property name="java.version.date" value="2021-10-19"/>
    <property name="java.vendor.url.bug" value="https://github.com/adoptium/adoptium-support/issues"/>
    <property name="sun.io.unicode.encoding" value="UnicodeLittle"/>
    <property name="sun.cpu.endian" value="little"/>
    <property name="java.vendor.version" value="Temurin-11.0.13+8"/>
    <property name="sun.desktop" value="windows"/>
    <property name="sun.cpu.isalist" value="amd64"/>
  </properties>
  <testcase classname="org.example.FactoryV2Test" name="test" time="0"/>
</testsuite>