<?xml version="1.0" encoding="UTF-8"?>
<testsuite xmlns:xsi="http://www.w3.org/2001/XMLSchema-instance" xsi:noNamespaceSchemaLocation="https://maven.apache.org/surefire/maven-surefire-plugin/xsd/surefire-test-report.xsd" name="org.example.Test1" time="0.006" tests="1" errors="1" skipped="0" failures="0">
  <properties>
    <property name="sun.desktop" value="windows"/>
    <property name="awt.toolkit" value="sun.awt.windows.WToolkit"/>
    <property name="file.encoding.pkg" value="sun.io"/>
    <property name="java.specification.version" value="1.8"/>
    <property name="sun.cpu.isalist" value="amd64"/>
    <property name="sun.jnu.encoding" value="GBK"/>
    <property name="java.class.path" value="E:\githubRepo\learn_spring\bootDemo\target\test-classes;E:\githubRepo\learn_spring\bootDemo\target\classes;D:\local_repository\org\springframework\boot\spring-boot-configuration-processor\2.3.0.RELEASE\spring-boot-configuration-processor-2.3.0.RELEASE.jar;D:\local_repository\org\springframework\boot\spring-boot-starter-thymeleaf\2.3.0.RELEASE\spring-boot-starter-thymeleaf-2.3.0.RELEASE.jar;D:\local_repository\org\springframework\boot\spring-boot-starter\2.3.0.RELEASE\spring-boot-starter-2.3.0.RELEASE.jar;D:\local_repository\org\springframework\boot\spring-boot-starter-logging\2.3.0.RELEASE\spring-boot-starter-logging-2.3.0.RELEASE.jar;D:\local_repository\ch\qos\logback\logback-classic\1.2.3\logback-classic-1.2.3.jar;D:\local_repository\ch\qos\logback\logback-core\1.2.3\logback-core-1.2.3.jar;D:\local_repository\org\apache\logging\log4j\log4j-to-slf4j\2.13.2\log4j-to-slf4j-2.13.2.jar;D:\local_repository\org\apache\logging\log4j\log4j-api\2.13.2\log4j-api-2.13.2.jar;D:\local_repository\org\slf4j\jul-to-slf4j\1.7.30\jul-to-slf4j-1.7.30.jar;D:\local_repository\jakarta\annotation\jakarta.annotation-api\1.3.5\jakarta.annotation-api-1.3.5.jar;D:\local_repository\org\yaml\snakeyaml\1.26\snakeyaml-1.26.jar;D:\local_repository\org\thymeleaf\thymeleaf-spring5\3.0.11.RELEASE\thymeleaf-spring5-3.0.11.RELEASE.jar;D:\local_repository\org\thymeleaf\thymeleaf\3.0.11.RELEASE\thymeleaf-3.0.11.RELEASE.jar;D:\local_repository\org\attoparser\attoparser\2.0.5.RELEASE\attoparser-2.0.5.RELEASE.jar;D:\local_repository\org\unbescape\unbescape\1.1.6.RELEASE\unbescape-1.1.6.RELEASE.jar;D:\local_repository\org\thymeleaf\extras\thymeleaf-extras-java8time\3.0.4.RELEASE\thymeleaf-extras-java8time-3.0.4.RELEASE.jar;D:\local_repository\org\springframework\boot\spring-boot-starter-web\2.3.0.RELEASE\spring-boot-starter-web-2.3.0.RELEASE.jar;D:\local_repository\org\springframework\boot\spring-boot-starter-json\2.3.0.RELEASE\spring-boot-starter-json-2.3.0.RELEASE.jar;D:\local_repository\com\fasterxml\jackson\core\jackson-databind\2.11.0\jackson-databind-2.11.0.jar;D:\local_repository\com\fasterxml\jackson\core\jackson-annotations\2.11.0\jackson-annotations-2.11.0.jar;D:\local_repository\com\fasterxml\jackson\core\jackson-core\2.11.0\jackson-core-2.11.0.jar;D:\local_repository\com\fasterxml\jackson\datatype\jackson-datatype-jdk8\2.11.0\jackson-datatype-jdk8-2.11.0.jar;D:\local_repository\com\fasterxml\jackson\datatype\jackson-datatype-jsr310\2.11.0\jackson-datatype-jsr310-2.11.0.jar;D:\local_repository\com\fasterxml\jackson\module\jackson-module-parameter-names\2.11.0\jackson-module-parameter-names-2.11.0.jar;D:\local_repository\org\springframework\boot\spring-boot-starter-tomcat\2.3.0.RELEASE\spring-boot-starter-tomcat-2.3.0.RELEASE.jar;D:\local_repository\org\apache\tomcat\embed\tomcat-embed-core\9.0.35\tomcat-embed-core-9.0.35.jar;D:\local_repository\org\glassfish\jakarta.el\3.0.3\jakarta.el-3.0.3.jar;D:\local_repository\org\apache\tomcat\embed\tomcat-embed-websocket\9.0.35\tomcat-embed-websocket-9.0.35.jar;D:\local_repository\org\springframework\spring-web\5.2.6.RELEASE\spring-web-5.2.6.RELEASE.jar;D:\local_repository\org\springframework\spring-beans\5.2.6.RELEASE\spring-beans-5.2.6.RELEASE.jar;D:\local_repository\org\springframework\spring-webmvc\5.2.6.RELEASE\spring-webmvc-5.2.6.RELEASE.jar;D:\local_repository\org\springframework\spring-aop\5.2.6.RELEASE\spring-aop-5.2.6.RELEASE.jar;D:\local_repository\org\springframework\spring-context\5.2.6.RELEASE\spring-context-5.2.6.RELEASE.jar;D:\local_repository\org\springframework\spring-expression\5.2.6.RELEASE\spring-expression-5.2.6.RELEASE.jar;D:\local_repository\org\springframework\boot\spring-boot-devtools\2.3.0.RELEASE\spring-boot-devtools-2.3.0.RELEASE.jar;D:\local_repository\org\springframework\boot\spring-boot\2.3.0.RELEASE\spring-boot-2.3.0.RELEASE.jar;D:\local_repository\org\springframework\boot\spring-boot-autoconfigure\2.3.0.RELEASE\spring-boot-autoconfigure-2.3.0.RELEASE.jar;D:\local_repository\org\projectlombok\lombok\1.18.12\lombok-1.18.12.jar;D:\local_repository\org\springframework\boot\spring-boot-starter-test\2.3.0.RELEASE\spring-boot-starter-test-2.3.0.RELEASE.jar;D:\local_repository\org\springframework\boot\spring-boot-test\2.3.0.RELEASE\spring-boot-test-2.3.0.RELEASE.jar;D:\local_repository\org\springframework\boot\spring-boot-test-autoconfigure\2.3.0.RELEASE\spring-boot-test-autoconfigure-2.3.0.RELEASE.jar;D:\local_repository\com\jayway\jsonpath\json-path\2.4.0\json-path-2.4.0.jar;D:\local_repository\net\minidev\json-smart\2.3\json-smart-2.3.jar;D:\local_repository\net\minidev\accessors-smart\1.2\accessors-smart-1.2.jar;D:\local_repository\org\ow2\asm\asm\5.0.4\asm-5.0.4.jar;D:\local_repository\jakarta\xml\bind\jakarta.xml.bind-api\2.3.3\jakarta.xml.bind-api-2.3.3.jar;D:\local_repository\jakarta\activation\jakarta.activation-api\1.2.2\jakarta.activation-api-1.2.2.jar;D:\local_repository\org\assertj\assertj-core\3.16.1\assertj-core-3.16.1.jar;D:\local_repository\org\hamcrest\hamcrest\2.2\hamcrest-2.2.jar;D:\local_repository\org\junit\jupiter\junit-jupiter\5.6.2\junit-jupiter-5.6.2.jar;D:\local_repository\org\junit\jupiter\junit-jupiter-api\5.6.2\junit-jupiter-api-5.6.2.jar;D:\local_repository\org\opentest4j\opentest4j\1.2.0\opentest4j-1.2.0.jar;D:\local_repository\org\junit\platform\junit-platform-commons\1.6.2\junit-platform-commons-1.6.2.jar;D:\local_repository\org\junit\jupiter\junit-jupiter-params\5.6.2\junit-jupiter-params-5.6.2.jar;D:\local_repository\org\junit\jupiter\junit-jupiter-engine\5.6.2\junit-jupiter-engine-5.6.2.jar;D:\local_repository\org\junit\vintage\junit-vintage-engine\5.6.2\junit-vintage-engine-5.6.2.jar;D:\local_repository\org\apiguardian\apiguardian-api\1.1.0\apiguardian-api-1.1.0.jar;D:\local_repository\org\junit\platform\junit-platform-engine\1.6.2\junit-platform-engine-1.6.2.jar;D:\local_repository\junit\junit\4.13\junit-4.13.jar;D:\local_repository\org\mockito\mockito-core\3.3.3\mockito-core-3.3.3.jar;D:\local_repository\net\bytebuddy\byte-buddy\1.10.10\byte-buddy-1.10.10.jar;D:\local_repository\net\bytebuddy\byte-buddy-agent\1.10.10\byte-buddy-agent-1.10.10.jar;D:\local_repository\org\objenesis\objenesis\2.6\objenesis-2.6.jar;D:\local_repository\org\mockito\mockito-junit-jupiter\3.3.3\mockito-junit-jupiter-3.3.3.jar;D:\local_repository\org\skyscreamer\jsonassert\1.5.0\jsonassert-1.5.0.jar;D:\local_repository\com\vaadin\external\google\android-json\0.0.20131108.vaadin1\android-json-0.0.20131108.vaadin1.jar;D:\local_repository\org\springframework\spring-core\5.2.6.RELEASE\spring-core-5.2.6.RELEASE.jar;D:\local_repository\org\springframework\spring-jcl\5.2.6.RELEASE\spring-jcl-5.2.6.RELEASE.jar;D:\local_repository\org\springframework\spring-test\5.2.6.RELEASE\spring-test-5.2.6.RELEASE.jar;D:\local_repository\org\xmlunit\xmlunit-core\2.7.0\xmlunit-core-2.7.0.jar;D:\local_repository\org\mybatis\spring\boot\mybatis-spring-boot-starter-test\3.0.2\mybatis-spring-boot-starter-test-3.0.2.jar;D:\local_repository\org\mybatis\spring\boot\mybatis-spring-boot-test-autoconfigure\3.0.2\mybatis-spring-boot-test-autoconfigure-3.0.2.jar;D:\local_repository\org\springframework\spring-tx\5.2.6.RELEASE\spring-tx-5.2.6.RELEASE.jar;D:\local_repository\org\springframework\boot\spring-boot-starter-jdbc\2.3.0.RELEASE\spring-boot-starter-jdbc-2.3.0.RELEASE.jar;D:\local_repository\com\zaxxer\HikariCP\3.4.5\HikariCP-3.4.5.jar;D:\local_repository\org\springframework\spring-jdbc\5.2.6.RELEASE\spring-jdbc-5.2.6.RELEASE.jar;D:\local_repository\mysql\mysql-connector-java\8.0.20\mysql-connector-java-8.0.20.jar;D:\local_repository\com\alibaba\druid-spring-boot-starter\1.1.16\druid-spring-boot-starter-1.1.16.jar;D:\local_repository\com\alibaba\druid\1.1.16\druid-1.1.16.jar;D:\local_repository\org\slf4j\slf4j-api\1.7.30\slf4j-api-1.7.30.jar;D:\local_repository\org\mybatis\spring\boot\mybatis-spring-boot-starter\3.0.2\mybatis-spring-boot-starter-3.0.2.jar;D:\local_repository\org\mybatis\spring\boot\mybatis-spring-boot-autoconfigure\3.0.2\mybatis-spring-boot-autoconfigure-3.0.2.jar;D:\local_repository\org\mybatis\mybatis\3.5.13\mybatis-3.5.13.jar;D:\local_repository\org\mybatis\mybatis-spring\3.0.2\mybatis-spring-3.0.2.jar;"/>
    <property name="java.vm.vendor" value="Oracle Corporation"/>
    <property name="sun.arch.data.model" value="64"/>
    <property name="user.variant" value=""/>
    <property name="java.vendor.url" value="http://java.oracle.com/"/>
    <property name="user.timezone" value="Asia/Shanghai"/>
    <property name="java.vm.specification.version" value="1.8"/>
    <property name="os.name" value="Windows 10"/>
    <property name="user.country" value="CN"/>
    <property name="sun.java.launcher" value="SUN_STANDARD"/>
    <property name="sun.boot.library.path" value="C:\Program Files\Java\jdk1.8.0_261\jre\bin"/>
    <property name="sun.java.command" value="C:\Users\张传忠\AppData\Local\Temp\surefire6564986994717721202\surefirebooter2065506652711818406.jar C:\Users\张传忠\AppData\Local\Temp\surefire6564986994717721202 2023-08-28T17-44-35_399-jvmRun1 surefire1341525298273916225tmp surefire_02283793390046543658tmp"/>
    <property name="surefire.test.class.path" value="E:\githubRepo\learn_spring\bootDemo\target\test-classes;E:\githubRepo\learn_spring\bootDemo\target\classes;D:\local_repository\org\springframework\boot\spring-boot-configuration-processor\2.3.0.RELEASE\spring-boot-configuration-processor-2.3.0.RELEASE.jar;D:\local_repository\org\springframework\boot\spring-boot-starter-thymeleaf\2.3.0.RELEASE\spring-boot-starter-thymeleaf-2.3.0.RELEASE.jar;D:\local_repository\org\springframework\boot\spring-boot-starter\2.3.0.RELEASE\spring-boot-starter-2.3.0.RELEASE.jar;D:\local_repository\org\springframework\boot\spring-boot-starter-logging\2.3.0.RELEASE\spring-boot-starter-logging-2.3.0.RELEASE.jar;D:\local_repository\ch\qos\logback\logback-classic\1.2.3\logback-classic-1.2.3.jar;D:\local_repository\ch\qos\logback\logback-core\1.2.3\logback-core-1.2.3.jar;D:\local_repository\org\apache\logging\log4j\log4j-to-slf4j\2.13.2\log4j-to-slf4j-2.13.2.jar;D:\local_repository\org\apache\logging\log4j\log4j-api\2.13.2\log4j-api-2.13.2.jar;D:\local_repository\org\slf4j\jul-to-slf4j\1.7.30\jul-to-slf4j-1.7.30.jar;D:\local_repository\jakarta\annotation\jakarta.annotation-api\1.3.5\jakarta.annotation-api-1.3.5.jar;D:\local_repository\org\yaml\snakeyaml\1.26\snakeyaml-1.26.jar;D:\local_repository\org\thymeleaf\thymeleaf-spring5\3.0.11.RELEASE\thymeleaf-spring5-3.0.11.RELEASE.jar;D:\local_repository\org\thymeleaf\thymeleaf\3.0.11.RELEASE\thymeleaf-3.0.11.RELEASE.jar;D:\local_repository\org\attoparser\attoparser\2.0.5.RELEASE\attoparser-2.0.5.RELEASE.jar;D:\local_repository\org\unbescape\unbescape\1.1.6.RELEASE\unbescape-1.1.6.RELEASE.jar;D:\local_repository\org\thymeleaf\extras\thymeleaf-extras-java8time\3.0.4.RELEASE\thymeleaf-extras-java8time-3.0.4.RELEASE.jar;D:\local_repository\org\springframework\boot\spring-boot-starter-web\2.3.0.RELEASE\spring-boot-starter-web-2.3.0.RELEASE.jar;D:\local_repository\org\springframework\boot\spring-boot-starter-json\2.3.0.RELEASE\spring-boot-starter-json-2.3.0.RELEASE.jar;D:\local_repository\com\fasterxml\jackson\core\jackson-databind\2.11.0\jackson-databind-2.11.0.jar;D:\local_repository\com\fasterxml\jackson\core\jackson-annotations\2.11.0\jackson-annotations-2.11.0.jar;D:\local_repository\com\fasterxml\jackson\core\jackson-core\2.11.0\jackson-core-2.11.0.jar;D:\local_repository\com\fasterxml\jackson\datatype\jackson-datatype-jdk8\2.11.0\jackson-datatype-jdk8-2.11.0.jar;D:\local_repository\com\fasterxml\jackson\datatype\jackson-datatype-jsr310\2.11.0\jackson-datatype-jsr310-2.11.0.jar;D:\local_repository\com\fasterxml\jackson\module\jackson-module-parameter-names\2.11.0\jackson-module-parameter-names-2.11.0.jar;D:\local_repository\org\springframework\boot\spring-boot-starter-tomcat\2.3.0.RELEASE\spring-boot-starter-tomcat-2.3.0.RELEASE.jar;D:\local_repository\org\apache\tomcat\embed\tomcat-embed-core\9.0.35\tomcat-embed-core-9.0.35.jar;D:\local_repository\org\glassfish\jakarta.el\3.0.3\jakarta.el-3.0.3.jar;D:\local_repository\org\apache\tomcat\embed\tomcat-embed-websocket\9.0.35\tomcat-embed-websocket-9.0.35.jar;D:\local_repository\org\springframework\spring-web\5.2.6.RELEASE\spring-web-5.2.6.RELEASE.jar;D:\local_repository\org\springframework\spring-beans\5.2.6.RELEASE\spring-beans-5.2.6.RELEASE.jar;D:\local_repository\org\springframework\spring-webmvc\5.2.6.RELEASE\spring-webmvc-5.2.6.RELEASE.jar;D:\local_repository\org\springframework\spring-aop\5.2.6.RELEASE\spring-aop-5.2.6.RELEASE.jar;D:\local_repository\org\springframework\spring-context\5.2.6.RELEASE\spring-context-5.2.6.RELEASE.jar;D:\local_repository\org\springframework\spring-expression\5.2.6.RELEASE\spring-expression-5.2.6.RELEASE.jar;D:\local_repository\org\springframework\boot\spring-boot-devtools\2.3.0.RELEASE\spring-boot-devtools-2.3.0.RELEASE.jar;D:\local_repository\org\springframework\boot\spring-boot\2.3.0.RELEASE\spring-boot-2.3.0.RELEASE.jar;D:\local_repository\org\springframework\boot\spring-boot-autoconfigure\2.3.0.RELEASE\spring-boot-autoconfigure-2.3.0.RELEASE.jar;D:\local_repository\org\projectlombok\lombok\1.18.12\lombok-1.18.12.jar;D:\local_repository\org\springframework\boot\spring-boot-starter-test\2.3.0.RELEASE\spring-boot-starter-test-2.3.0.RELEASE.jar;D:\local_repository\org\springframework\boot\spring-boot-test\2.3.0.RELEASE\spring-boot-test-2.3.0.RELEASE.jar;D:\local_repository\org\springframework\boot\spring-boot-test-autoconfigure\2.3.0.RELEASE\spring-boot-test-autoconfigure-2.3.0.RELEASE.jar;D:\local_repository\com\jayway\jsonpath\json-path\2.4.0\json-path-2.4.0.jar;D:\local_repository\net\minidev\json-smart\2.3\json-smart-2.3.jar;D:\local_repository\net\minidev\accessors-smart\1.2\accessors-smart-1.2.jar;D:\local_repository\org\ow2\asm\asm\5.0.4\asm-5.0.4.jar;D:\local_repository\jakarta\xml\bind\jakarta.xml.bind-api\2.3.3\jakarta.xml.bind-api-2.3.3.jar;D:\local_repository\jakarta\activation\jakarta.activation-api\1.2.2\jakarta.activation-api-1.2.2.jar;D:\local_repository\org\assertj\assertj-core\3.16.1\assertj-core-3.16.1.jar;D:\local_repository\org\hamcrest\hamcrest\2.2\hamcrest-2.2.jar;D:\local_repository\org\junit\jupiter\junit-jupiter\5.6.2\junit-jupiter-5.6.2.jar;D:\local_repository\org\junit\jupiter\junit-jupiter-api\5.6.2\junit-jupiter-api-5.6.2.jar;D:\local_repository\org\opentest4j\opentest4j\1.2.0\opentest4j-1.2.0.jar;D:\local_repository\org\junit\platform\junit-platform-commons\1.6.2\junit-platform-commons-1.6.2.jar;D:\local_repository\org\junit\jupiter\junit-jupiter-params\5.6.2\junit-jupiter-params-5.6.2.jar;D:\local_repository\org\junit\jupiter\junit-jupiter-engine\5.6.2\junit-jupiter-engine-5.6.2.jar;D:\local_repository\org\junit\vintage\junit-vintage-engine\5.6.2\junit-vintage-engine-5.6.2.jar;D:\local_repository\org\apiguardian\apiguardian-api\1.1.0\apiguardian-api-1.1.0.jar;D:\local_repository\org\junit\platform\junit-platform-engine\1.6.2\junit-platform-engine-1.6.2.jar;D:\local_repository\junit\junit\4.13\junit-4.13.jar;D:\local_repository\org\mockito\mockito-core\3.3.3\mockito-core-3.3.3.jar;D:\local_repository\net\bytebuddy\byte-buddy\1.10.10\byte-buddy-1.10.10.jar;D:\local_repository\net\bytebuddy\byte-buddy-agent\1.10.10\byte-buddy-agent-1.10.10.jar;D:\local_repository\org\objenesis\objenesis\2.6\objenesis-2.6.jar;D:\local_repository\org\mockito\mockito-junit-jupiter\3.3.3\mockito-junit-jupiter-3.3.3.jar;D:\local_repository\org\skyscreamer\jsonassert\1.5.0\jsonassert-1.5.0.jar;D:\local_repository\com\vaadin\external\google\android-json\0.0.20131108.vaadin1\android-json-0.0.20131108.vaadin1.jar;D:\local_repository\org\springframework\spring-core\5.2.6.RELEASE\spring-core-5.2.6.RELEASE.jar;D:\local_repository\org\springframework\spring-jcl\5.2.6.RELEASE\spring-jcl-5.2.6.RELEASE.jar;D:\local_repository\org\springframework\spring-test\5.2.6.RELEASE\spring-test-5.2.6.RELEASE.jar;D:\local_repository\org\xmlunit\xmlunit-core\2.7.0\xmlunit-core-2.7.0.jar;D:\local_repository\org\mybatis\spring\boot\mybatis-spring-boot-starter-test\3.0.2\mybatis-spring-boot-starter-test-3.0.2.jar;D:\local_repository\org\mybatis\spring\boot\mybatis-spring-boot-test-autoconfigure\3.0.2\mybatis-spring-boot-test-autoconfigure-3.0.2.jar;D:\local_repository\org\springframework\spring-tx\5.2.6.RELEASE\spring-tx-5.2.6.RELEASE.jar;D:\local_repository\org\springframework\boot\spring-boot-starter-jdbc\2.3.0.RELEASE\spring-boot-starter-jdbc-2.3.0.RELEASE.jar;D:\local_repository\com\zaxxer\HikariCP\3.4.5\HikariCP-3.4.5.jar;D:\local_repository\org\springframework\spring-jdbc\5.2.6.RELEASE\spring-jdbc-5.2.6.RELEASE.jar;D:\local_repository\mysql\mysql-connector-java\8.0.20\mysql-connector-java-8.0.20.jar;D:\local_repository\com\alibaba\druid-spring-boot-starter\1.1.16\druid-spring-boot-starter-1.1.16.jar;D:\local_repository\com\alibaba\druid\1.1.16\druid-1.1.16.jar;D:\local_repository\org\slf4j\slf4j-api\1.7.30\slf4j-api-1.7.30.jar;D:\local_repository\org\mybatis\spring\boot\mybatis-spring-boot-starter\3.0.2\mybatis-spring-boot-starter-3.0.2.jar;D:\local_repository\org\mybatis\spring\boot\mybatis-spring-boot-autoconfigure\3.0.2\mybatis-spring-boot-autoconfigure-3.0.2.jar;D:\local_repository\org\mybatis\mybatis\3.5.13\mybatis-3.5.13.jar;D:\local_repository\org\mybatis\mybatis-spring\3.0.2\mybatis-spring-3.0.2.jar;"/>
    <property name="sun.cpu.endian" value="little"/>
    <property name="user.home" value="C:\Users\张传忠"/>
    <property name="user.language" value="zh"/>
    <property name="java.specification.vendor" value="Oracle Corporation"/>
    <property name="java.home" value="C:\Program Files\Java\jdk1.8.0_261\jre"/>
    <property name="basedir" value="E:\githubRepo\learn_spring\bootDemo"/>
    <property name="file.separator" value="\"/>
    <property name="line.separator" value="&#10;"/>
    <property name="java.vm.specification.vendor" value="Oracle Corporation"/>
    <property name="java.specification.name" value="Java Platform API Specification"/>
    <property name="java.awt.graphicsenv" value="sun.awt.Win32GraphicsEnvironment"/>
    <property name="surefire.real.class.path" value="C:\Users\张传忠\AppData\Local\Temp\surefire6564986994717721202\surefirebooter2065506652711818406.jar"/>
    <property name="sun.boot.class.path" value="C:\Program Files\Java\jdk1.8.0_261\jre\lib\resources.jar;C:\Program Files\Java\jdk1.8.0_261\jre\lib\rt.jar;C:\Program Files\Java\jdk1.8.0_261\jre\lib\sunrsasign.jar;C:\Program Files\Java\jdk1.8.0_261\jre\lib\jsse.jar;C:\Program Files\Java\jdk1.8.0_261\jre\lib\jce.jar;C:\Program Files\Java\jdk1.8.0_261\jre\lib\charsets.jar;C:\Program Files\Java\jdk1.8.0_261\jre\lib\jfr.jar;C:\Program Files\Java\jdk1.8.0_261\jre\classes"/>
    <property name="user.script" value=""/>
    <property name="sun.management.compiler" value="HotSpot 64-Bit Tiered Compilers"/>
    <property name="java.runtime.version" value="1.8.0_261-b12"/>
    <property name="user.name" value="张传忠"/>
    <property name="path.separator" value=";"/>
    <property name="os.version" value="10.0"/>
    <property name="java.endorsed.dirs" value="C:\Program Files\Java\jdk1.8.0_261\jre\lib\endorsed"/>
    <property name="java.runtime.name" value="Java(TM) SE Runtime Environment"/>
    <property name="file.encoding" value="GBK"/>
    <property name="java.vm.name" value="Java HotSpot(TM) 64-Bit Server VM"/>
    <property name="idea.version2020.1" value="true"/>
    <property name="localRepository" value="D:\local_repository"/>
    <property name="java.vendor.url.bug" value="http://bugreport.sun.com/bugreport/"/>
    <property name="java.io.tmpdir" value="C:\Users\张传忠\AppData\Local\Temp\"/>
    <property name="java.version" value="1.8.0_261"/>
    <property name="user.dir" value="E:\githubRepo\learn_spring\bootDemo"/>
    <property name="os.arch" value="amd64"/>
    <property name="java.vm.specification.name" value="Java Virtual Machine Specification"/>
    <property name="java.awt.printerjob" value="sun.awt.windows.WPrinterJob"/>
    <property name="sun.os.patch.level" value=""/>
    <property name="java.library.path" value="C:\Program Files\Java\jdk1.8.0_261\jre\bin;C:\Windows\Sun\Java\bin;C:\Windows\system32;C:\Windows;E:\WINDOWS.X64_193000_db_home\bin;C:\Program Files\Common Files\Oracle\Java\javapath;D:\Python3\;D:\Python3\Scripts;C:\Windows\system32;C:\Windows;C:\Windows\System32\Wbem;C:\Windows\System32\WindowsPowerShell\v1.0\;C:\Windows\System32\OpenSSH\;C:\Program Files (x86)\NVIDIA Corporation\PhysX\Common;C:\Program Files\NVIDIA Corporation\NVIDIA NvDLISR;D:\NodeJS\;C:\Program Files\Java\jdk-11.0.13+8\bin;C:\Program Files\Java\jdk-11.0.13+8\jre\bin;D:\maven\apache-maven-3.6.3\bin;D:\MinGw1\bin;D:\MinGw\bin;D:\xftp\;D:\Erlang\erl-24.1\bin;D:\rabbitmq\rabbitmq_server-3.9.7\sbin;C:\Program Files (x86)\Common Files\Oracle\Java\javapath;D:\gradle\gradle-4.0\bin;D:\smartCommit;D:\XShell\;D:\Git\cmd;E:\Graphviz\bin;E:\scala\scala-2.13.1\bin;E:\hadoop\hadoop-3.3.1\bin;D:\Python3\Scripts\;D:\Python3\;C:\Users\张传忠\.windows-build-tools\python27\;D:\NodeJS\node_modules\npm\node_modules\npm-lifecycle\node-gyp-bin;C:\Users\张传忠\AppData\Roaming\npm\node_modules\windows-build-tools\node_modules\.bin;C:\Users\张传忠\AppData\Roaming\npm\node_modules\.bin;C:\Windows\system32;C:\Windows;C:\Windows\System32\Wbem;C:\Windows\System32\WindowsPowerShell\v1.0\;C:\Windows\System32\OpenSSH\;C:\Program Files (x86)\NVIDIA Corporation\PhysX\Common;C:\Program Files\NVIDIA Corporation\NVIDIA NvDLISR;D:\NodeJS\;C:\Program Files\Java\jdk1.8.0_261\bin;C:\Program Files\Java\jdk1.8.0_261\jre\bin;D:\maven\apache-maven-3.6.3\bin;D:\MinGw1\bin;D:\MinGw\bin;D:\xftp\;D:\Erlang\erl-24.1\bin;D:\rabbitmq\rabbitmq_server-3.9.7\sbin;C:\Program Files (x86)\Common Files\Oracle\Java\javapath;D:\gradle\gradle-4.0\bin;D:\XShell\;D:\Git\cmd;C:\Program Files\MySQL\MySQL Shell 8.0\bin\;C:\Users\张传忠\AppData\Local\Microsoft\WindowsApps;C:\Users\张传忠\AppData\Roaming\npm;D:\PyCharm Community Edition 2022.1.2\bin;C:\Users\张传忠\AppData\Local\GitHubDesktop\bin;D:\VSCode\Microsoft VS Code\bin;;D:\PyCharm Community Edition 2022.3.2\bin;;."/>
    <property name="java.vm.info" value="mixed mode"/>
    <property name="java.vendor" value="Oracle Corporation"/>
    <property name="java.vm.version" value="25.261-b12"/>
    <property name="java.ext.dirs" value="C:\Program Files\Java\jdk1.8.0_261\jre\lib\ext;C:\Windows\Sun\Java\lib\ext"/>
    <property name="sun.io.unicode.encoding" value="UnicodeLittle"/>
    <property name="maven.repo.local" value="D:\local_repository"/>
    <property name="java.class.version" value="52.0"/>
  </properties>
  <testcase name="test" classname="org.example.Test1" time="0.003">
    <error type="java.lang.NullPointerException">java.lang.NullPointerException
	at org.example.Test1.test(Test1.java:17)
</error>
  </testcase>
</testsuite>